<?xml version="1.0" encoding="UTF-8"?>
<testng-results skipped="0" failed="0" total="1" passed="1">
  <reporter-output>
  </reporter-output>
  <suite name="Default suite" duration-ms="18925" started-at="2019-01-10T11:41:20Z" finished-at="2019-01-10T11:41:39Z">
    <groups>
    </groups>
    <test name="Default test" duration-ms="18925" started-at="2019-01-10T11:41:20Z" finished-at="2019-01-10T11:41:39Z">
      <class name="shangcheng.shanchudd">
        <test-method status="PASS" signature="gg()[pri:0, instance:shangcheng.shanchudd@387c703b]" name="gg" is-config="true" duration-ms="16944" started-at="2019-01-10T19:41:20Z" finished-at="2019-01-10T19:41:37Z">
          <reporter-output>
          </reporter-output>
        </test-method> <!-- gg -->
        <test-method status="PASS" signature="shanchu()[pri:0, instance:shangcheng.shanchudd@387c703b]" name="shanchu" duration-ms="1937" started-at="2019-01-10T19:41:37Z" finished-at="2019-01-10T19:41:39Z">
          <reporter-output>
          </reporter-output>
        </test-method> <!-- shanchu -->
      </class> <!-- shangcheng.shanchudd -->
    </test> <!-- Default test -->
  </suite> <!-- Default suite -->
</testng-results>
